{"time":"2026-04-15T20:04:11.575594+02:00","level":"INFO","source":{"function":"github.com/wssto2/go-core/frontend.RegisterSPA","file":"/Users/josipzlimen/Projects/go-core/frontend/spa.go","line":109},"msg":"frontend: SPA registered","template":"index.html","templates_path":"frontend/templates/*.html","api_prefix":"/api","dev_mode":true}
{"time":"2026-04-15T20:04:11.697861+02:00","level":"INFO","source":{"function":"github.com/wssto2/go-core/worker.(*Manager).runWorker","file":"/Users/josipzlimen/Projects/go-core/worker/manager.go","line":92},"msg":"worker_starting","worker":"outbox_worker"}
{"time":"2026-04-15T20:04:11.697861+02:00","level":"INFO","source":{"function":"github.com/wssto2/go-core/worker.(*Manager).runWorker","file":"/Users/josipzlimen/Projects/go-core/worker/manager.go","line":92},"msg":"worker_starting","worker":"product-image-processor"}
{"time":"2026-04-15T20:04:11.69807+02:00","level":"INFO","source":{"function":"github.com/wssto2/go-core/worker.(*Manager).runWorker","file":"/Users/josipzlimen/Projects/go-core/worker/manager.go","line":102},"msg":"worker_stopped","worker":"product-image-processor"}
{"time":"2026-04-15T20:04:11.698142+02:00","level":"INFO","source":{"function":"github.com/wssto2/go-core/worker.(*Manager).runWorker","file":"/Users/josipzlimen/Projects/go-core/worker/manager.go","line":102},"msg":"worker_stopped","worker":"outbox_worker"}
{"time":"2026-04-15T20:04:11.698202+02:00","level":"INFO","msg":"http server failed to start: listen tcp :8080: bind: address already in use"}
{"time":"2026-04-15T20:06:12.34212+02:00","level":"INFO","source":{"function":"github.com/wssto2/go-core/frontend.RegisterSPA","file":"/Users/josipzlimen/Projects/go-core/frontend/spa.go","line":109},"msg":"frontend: SPA registered","template":"index.html","templates_path":"frontend/templates/*.html","api_prefix":"/api","dev_mode":true}
{"time":"2026-04-15T20:06:12.496849+02:00","level":"INFO","source":{"function":"github.com/wssto2/go-core/worker.(*Manager).runWorker","file":"/Users/josipzlimen/Projects/go-core/worker/manager.go","line":92},"msg":"worker_starting","worker":"product-image-processor"}
{"time":"2026-04-15T20:06:12.497025+02:00","level":"INFO","source":{"function":"github.com/wssto2/go-core/worker.(*Manager).runWorker","file":"/Users/josipzlimen/Projects/go-core/worker/manager.go","line":102},"msg":"worker_stopped","worker":"product-image-processor"}
{"time":"2026-04-15T20:06:12.496865+02:00","level":"INFO","source":{"function":"github.com/wssto2/go-core/worker.(*Manager).runWorker","file":"/Users/josipzlimen/Projects/go-core/worker/manager.go","line":92},"msg":"worker_starting","worker":"outbox_worker"}
{"time":"2026-04-15T20:06:12.497273+02:00","level":"INFO","source":{"function":"github.com/wssto2/go-core/worker.(*Manager).runWorker","file":"/Users/josipzlimen/Projects/go-core/worker/manager.go","line":102},"msg":"worker_stopped","worker":"outbox_worker"}
{"time":"2026-04-15T20:06:12.597535+02:00","level":"INFO","source":{"function":"github.com/wssto2/go-core/bootstrap.(*App).Run","file":"/Users/josipzlimen/Projects/go-core/bootstrap/app.go","line":97},"msg":"application_running"}
{"time":"2026-04-15T20:06:30.749602+02:00","level":"INFO","source":{"function":"github.com/wssto2/go-core/frontend.RegisterSPA","file":"/Users/josipzlimen/Projects/go-core/frontend/spa.go","line":109},"msg":"frontend: SPA registered","template":"index.html","templates_path":"frontend/templates/*.html","api_prefix":"/api","dev_mode":true}
{"time":"2026-04-15T20:06:30.851914+02:00","level":"INFO","source":{"function":"github.com/wssto2/go-core/worker.(*Manager).runWorker","file":"/Users/josipzlimen/Projects/go-core/worker/manager.go","line":92},"msg":"worker_starting","worker":"outbox_worker"}
{"time":"2026-04-15T20:06:30.851902+02:00","level":"INFO","source":{"function":"github.com/wssto2/go-core/worker.(*Manager).runWorker","file":"/Users/josipzlimen/Projects/go-core/worker/manager.go","line":92},"msg":"worker_starting","worker":"product-image-processor"}
{"time":"2026-04-15T20:06:30.852178+02:00","level":"INFO","source":{"function":"github.com/wssto2/go-core/worker.(*Manager).runWorker","file":"/Users/josipzlimen/Projects/go-core/worker/manager.go","line":102},"msg":"worker_stopped","worker":"product-image-processor"}
{"time":"2026-04-15T20:06:30.852329+02:00","level":"INFO","source":{"function":"github.com/wssto2/go-core/worker.(*Manager).runWorker","file":"/Users/josipzlimen/Projects/go-core/worker/manager.go","line":102},"msg":"worker_stopped","worker":"outbox_worker"}
{"time":"2026-04-15T20:06:30.953006+02:00","level":"INFO","source":{"function":"github.com/wssto2/go-core/bootstrap.(*App).Run","file":"/Users/josipzlimen/Projects/go-core/bootstrap/app.go","line":97},"msg":"application_running"}
{"time":"2026-04-15T20:06:35.474605+02:00","level":"INFO","source":{"function":"github.com/wssto2/go-core/frontend.RegisterSPA.func1","file":"/Users/josipzlimen/Projects/go-core/frontend/spa.go","line":134},"msg":"frontend: SPA rendering","path":"/","nonce":"UIy69mI+l7tOa8439E8kOw=="}
{"time":"2026-04-15T20:06:35.475159+02:00","level":"ERROR","source":{"function":"github.com/wssto2/go-core/bootstrap.(*AppBuilder).setupHTTPMiddlewares.ErrorHandler.func4","file":"/Users/josipzlimen/Projects/go-core/middlewares/error_handler.go","line":36},"msg":"internal server error","error":"html/template:index.html: \"<\" in attribute name: \" rel</title>=\\\"stylesheet\\\" href=\\\"\"","file":"/Users/josipzlimen/Projects/go-core/apperr/errors.go","line":129}
{"time":"2026-04-15T20:06:35.475328+02:00","level":"ERROR","source":{"function":"github.com/wssto2/go-core/bootstrap.(*AppBuilder).setupHTTPMiddlewares.RequestLogger.func2","file":"/Users/josipzlimen/Projects/go-core/middlewares/logger.go","line":34},"msg":"request failed","status":500,"method":"GET","path":"/","query":"","ip":"127.0.0.1","latency":"5.933149ms","user_agent":"curl/8.7.1","error":"Error #01: html/template:index.html: \"<\" in attribute name: \" rel</title>=\\\"stylesheet\\\" href=\\\"\"\n"}
{"time":"2026-04-15T20:11:08.484632+02:00","level":"INFO","source":{"function":"github.com/wssto2/go-core/frontend.RegisterSPA","file":"/Users/josipzlimen/Projects/go-core/frontend/spa.go","line":109},"msg":"frontend: SPA registered","template":"index.html","templates_path":"frontend/templates/*.html","api_prefix":"/api","dev_mode":true}
{"time":"2026-04-15T20:11:08.590003+02:00","level":"INFO","source":{"function":"github.com/wssto2/go-core/worker.(*Manager).runWorker","file":"/Users/josipzlimen/Projects/go-core/worker/manager.go","line":92},"msg":"worker_starting","worker":"outbox_worker"}
{"time":"2026-04-15T20:11:08.590055+02:00","level":"INFO","source":{"function":"github.com/wssto2/go-core/worker.(*Manager).runWorker","file":"/Users/josipzlimen/Projects/go-core/worker/manager.go","line":92},"msg":"worker_starting","worker":"product-image-processor"}
{"time":"2026-04-15T20:11:08.590245+02:00","level":"INFO","source":{"function":"github.com/wssto2/go-core/worker.(*Manager).runWorker","file":"/Users/josipzlimen/Projects/go-core/worker/manager.go","line":102},"msg":"worker_stopped","worker":"product-image-processor"}
{"time":"2026-04-15T20:11:08.590307+02:00","level":"INFO","source":{"function":"github.com/wssto2/go-core/worker.(*Manager).runWorker","file":"/Users/josipzlimen/Projects/go-core/worker/manager.go","line":102},"msg":"worker_stopped","worker":"outbox_worker"}
{"time":"2026-04-15T20:11:08.69113+02:00","level":"INFO","source":{"function":"github.com/wssto2/go-core/bootstrap.(*App).Run","file":"/Users/josipzlimen/Projects/go-core/bootstrap/app.go","line":97},"msg":"application_running"}
{"time":"2026-04-15T20:11:16.114142+02:00","level":"INFO","source":{"function":"github.com/wssto2/go-core/frontend.RegisterSPA.func1","file":"/Users/josipzlimen/Projects/go-core/frontend/spa.go","line":134},"msg":"frontend: SPA rendering","path":"/","nonce":"R/aH7tj2xISv7302DfWykQ=="}
{"time":"2026-04-15T20:11:16.114992+02:00","level":"INFO","source":{"function":"github.com/wssto2/go-core/bootstrap.(*AppBuilder).setupHTTPMiddlewares.RequestLogger.func2","file":"/Users/josipzlimen/Projects/go-core/middlewares/logger.go","line":36},"msg":"request completed","status":200,"method":"GET","path":"/","query":"","ip":"127.0.0.1","latency":"6.750923ms","user_agent":"curl/8.7.1"}
